2024-11-16 14:57:26 [SqliteConnector-pool-thread-1] sqlbrowserfx gr.sqlbrowserfx.conn.SqlConnector ERROR [SQLITE_ERROR] SQL error or missing database (no such table: connections_history_localtime)
org.sqlite.SQLiteException: [SQLITE_ERROR] SQL error or missing database (no such table: connections_history_localtime)
	at org.sqlite.core.DB.newSQLException(DB.java:1179) ~[sqlbrowserfx-fat.jar:?]
	at org.sqlite.core.DB.newSQLException(DB.java:1190) ~[sqlbrowserfx-fat.jar:?]
	at org.sqlite.core.DB.throwex(DB.java:1150) ~[sqlbrowserfx-fat.jar:?]
	at org.sqlite.core.NativeDB.prepare_utf8(Native Method) ~[sqlbrowserfx-fat.jar:?]
	at org.sqlite.core.NativeDB.prepare(NativeDB.java:132) ~[sqlbrowserfx-fat.jar:?]
	at org.sqlite.core.DB.prepare(DB.java:264) ~[sqlbrowserfx-fat.jar:?]
	at org.sqlite.jdbc3.JDBC3Statement.lambda$executeQuery$1(JDBC3Statement.java:86) ~[sqlbrowserfx-fat.jar:?]
	at org.sqlite.jdbc3.JDBC3Statement.withConnectionTimeout(JDBC3Statement.java:454) ~[sqlbrowserfx-fat.jar:?]
	at org.sqlite.jdbc3.JDBC3Statement.executeQuery(JDBC3Statement.java:84) ~[sqlbrowserfx-fat.jar:?]
	at gr.sqlbrowserfx.conn.SqlConnector.executeQueryRaw(SqlConnector.java:120) ~[sqlbrowserfx-fat.jar:?]
	at gr.sqlbrowserfx.conn.SqlConnector.lambda$executeQueryRawAsync$3(SqlConnector.java:264) ~[sqlbrowserfx-fat.jar:?]
	at java.util.concurrent.ThreadPoolExecutor.runWorker(ThreadPoolExecutor.java:1144) ~[?:?]
	at java.util.concurrent.ThreadPoolExecutor$Worker.run(ThreadPoolExecutor.java:642) ~[?:?]
	at java.lang.Thread.run(Thread.java:1583) [?:?]
2024-11-16 14:57:26 [SqliteConnector-pool-thread-1] sqlbrowserfx gr.sqlbrowserfx.conn.SqlConnector ERROR [SQLITE_ERROR] SQL error or missing database (no such table: connections_history_localtime)
org.sqlite.SQLiteException: [SQLITE_ERROR] SQL error or missing database (no such table: connections_history_localtime)
	at org.sqlite.core.DB.newSQLException(DB.java:1179) ~[sqlbrowserfx-fat.jar:?]
	at org.sqlite.core.DB.newSQLException(DB.java:1190) ~[sqlbrowserfx-fat.jar:?]
	at org.sqlite.core.DB.throwex(DB.java:1150) ~[sqlbrowserfx-fat.jar:?]
	at org.sqlite.core.NativeDB.prepare_utf8(Native Method) ~[sqlbrowserfx-fat.jar:?]
	at org.sqlite.core.NativeDB.prepare(NativeDB.java:132) ~[sqlbrowserfx-fat.jar:?]
	at org.sqlite.core.DB.prepare(DB.java:264) ~[sqlbrowserfx-fat.jar:?]
	at org.sqlite.jdbc3.JDBC3Statement.lambda$executeQuery$1(JDBC3Statement.java:86) ~[sqlbrowserfx-fat.jar:?]
	at org.sqlite.jdbc3.JDBC3Statement.withConnectionTimeout(JDBC3Statement.java:454) ~[sqlbrowserfx-fat.jar:?]
	at org.sqlite.jdbc3.JDBC3Statement.executeQuery(JDBC3Statement.java:84) ~[sqlbrowserfx-fat.jar:?]
	at gr.sqlbrowserfx.conn.SqlConnector.executeQueryRaw(SqlConnector.java:120) ~[sqlbrowserfx-fat.jar:?]
	at gr.sqlbrowserfx.conn.SqlConnector.lambda$executeQueryRawAsync$3(SqlConnector.java:264) ~[sqlbrowserfx-fat.jar:?]
	at java.util.concurrent.ThreadPoolExecutor.runWorker(ThreadPoolExecutor.java:1144) ~[?:?]
	at java.util.concurrent.ThreadPoolExecutor$Worker.run(ThreadPoolExecutor.java:642) ~[?:?]
	at java.lang.Thread.run(Thread.java:1583) [?:?]
2024-11-16 14:57:26 [SqliteConnector-pool-thread-1] sqlbrowserfx gr.sqlbrowserfx.conn.SqlConnector ERROR [SQLITE_ERROR] SQL error or missing database (no such table: connections_history_localtime)
org.sqlite.SQLiteException: [SQLITE_ERROR] SQL error or missing database (no such table: connections_history_localtime)
	at org.sqlite.core.DB.newSQLException(DB.java:1179) ~[sqlbrowserfx-fat.jar:?]
	at org.sqlite.core.DB.newSQLException(DB.java:1190) ~[sqlbrowserfx-fat.jar:?]
	at org.sqlite.core.DB.throwex(DB.java:1150) ~[sqlbrowserfx-fat.jar:?]
	at org.sqlite.core.NativeDB.prepare_utf8(Native Method) ~[sqlbrowserfx-fat.jar:?]
	at org.sqlite.core.NativeDB.prepare(NativeDB.java:132) ~[sqlbrowserfx-fat.jar:?]
	at org.sqlite.core.DB.prepare(DB.java:264) ~[sqlbrowserfx-fat.jar:?]
	at org.sqlite.jdbc3.JDBC3Statement.lambda$executeQuery$1(JDBC3Statement.java:86) ~[sqlbrowserfx-fat.jar:?]
	at org.sqlite.jdbc3.JDBC3Statement.withConnectionTimeout(JDBC3Statement.java:454) ~[sqlbrowserfx-fat.jar:?]
	at org.sqlite.jdbc3.JDBC3Statement.executeQuery(JDBC3Statement.java:84) ~[sqlbrowserfx-fat.jar:?]
	at gr.sqlbrowserfx.conn.SqlConnector.executeQueryRaw(SqlConnector.java:120) ~[sqlbrowserfx-fat.jar:?]
	at gr.sqlbrowserfx.conn.SqlConnector.lambda$executeQueryRawAsync$3(SqlConnector.java:264) ~[sqlbrowserfx-fat.jar:?]
	at java.util.concurrent.ThreadPoolExecutor.runWorker(ThreadPoolExecutor.java:1144) ~[?:?]
	at java.util.concurrent.ThreadPoolExecutor$Worker.run(ThreadPoolExecutor.java:642) ~[?:?]
	at java.lang.Thread.run(Thread.java:1583) [?:?]
2024-11-16 14:57:26 [SqliteConnector-pool-thread-1] sqlbrowserfx gr.sqlbrowserfx.conn.SqlConnector ERROR [SQLITE_ERROR] SQL error or missing database (no such table: connections_history_localtime)
org.sqlite.SQLiteException: [SQLITE_ERROR] SQL error or missing database (no such table: connections_history_localtime)
	at org.sqlite.core.DB.newSQLException(DB.java:1179) ~[sqlbrowserfx-fat.jar:?]
	at org.sqlite.core.DB.newSQLException(DB.java:1190) ~[sqlbrowserfx-fat.jar:?]
	at org.sqlite.core.DB.throwex(DB.java:1150) ~[sqlbrowserfx-fat.jar:?]
	at org.sqlite.core.NativeDB.prepare_utf8(Native Method) ~[sqlbrowserfx-fat.jar:?]
	at org.sqlite.core.NativeDB.prepare(NativeDB.java:132) ~[sqlbrowserfx-fat.jar:?]
	at org.sqlite.core.DB.prepare(DB.java:264) ~[sqlbrowserfx-fat.jar:?]
	at org.sqlite.jdbc3.JDBC3Statement.lambda$executeQuery$1(JDBC3Statement.java:86) ~[sqlbrowserfx-fat.jar:?]
	at org.sqlite.jdbc3.JDBC3Statement.withConnectionTimeout(JDBC3Statement.java:454) ~[sqlbrowserfx-fat.jar:?]
	at org.sqlite.jdbc3.JDBC3Statement.executeQuery(JDBC3Statement.java:84) ~[sqlbrowserfx-fat.jar:?]
	at gr.sqlbrowserfx.conn.SqlConnector.executeQueryRaw(SqlConnector.java:120) ~[sqlbrowserfx-fat.jar:?]
	at gr.sqlbrowserfx.conn.SqlConnector.lambda$executeQueryRawAsync$3(SqlConnector.java:264) ~[sqlbrowserfx-fat.jar:?]
	at java.util.concurrent.ThreadPoolExecutor.runWorker(ThreadPoolExecutor.java:1144) ~[?:?]
	at java.util.concurrent.ThreadPoolExecutor$Worker.run(ThreadPoolExecutor.java:642) ~[?:?]
	at java.lang.Thread.run(Thread.java:1583) [?:?]
2024-11-16 14:57:26 [SqliteConnector-pool-thread-1] sqlbrowserfx gr.sqlbrowserfx.conn.SqlConnector ERROR [SQLITE_ERROR] SQL error or missing database (no such table: connections_history_localtime)
org.sqlite.SQLiteException: [SQLITE_ERROR] SQL error or missing database (no such table: connections_history_localtime)
	at org.sqlite.core.DB.newSQLException(DB.java:1179) ~[sqlbrowserfx-fat.jar:?]
	at org.sqlite.core.DB.newSQLException(DB.java:1190) ~[sqlbrowserfx-fat.jar:?]
	at org.sqlite.core.DB.throwex(DB.java:1150) ~[sqlbrowserfx-fat.jar:?]
	at org.sqlite.core.NativeDB.prepare_utf8(Native Method) ~[sqlbrowserfx-fat.jar:?]
	at org.sqlite.core.NativeDB.prepare(NativeDB.java:132) ~[sqlbrowserfx-fat.jar:?]
	at org.sqlite.core.DB.prepare(DB.java:264) ~[sqlbrowserfx-fat.jar:?]
	at org.sqlite.jdbc3.JDBC3Statement.lambda$executeQuery$1(JDBC3Statement.java:86) ~[sqlbrowserfx-fat.jar:?]
	at org.sqlite.jdbc3.JDBC3Statement.withConnectionTimeout(JDBC3Statement.java:454) ~[sqlbrowserfx-fat.jar:?]
	at org.sqlite.jdbc3.JDBC3Statement.executeQuery(JDBC3Statement.java:84) ~[sqlbrowserfx-fat.jar:?]
	at gr.sqlbrowserfx.conn.SqlConnector.executeQueryRaw(SqlConnector.java:120) ~[sqlbrowserfx-fat.jar:?]
	at gr.sqlbrowserfx.conn.SqlConnector.lambda$executeQueryRawAsync$3(SqlConnector.java:264) ~[sqlbrowserfx-fat.jar:?]
	at java.util.concurrent.ThreadPoolExecutor.runWorker(ThreadPoolExecutor.java:1144) ~[?:?]
	at java.util.concurrent.ThreadPoolExecutor$Worker.run(ThreadPoolExecutor.java:642) ~[?:?]
	at java.lang.Thread.run(Thread.java:1583) [?:?]
2024-11-16 21:04:32 [SqliteConnector-pool-thread-1] sqlbrowserfx gr.sqlbrowserfx.conn.SqlConnector ERROR [SQLITE_ERROR] SQL error or missing database (no such table: connections_history_localtime)
org.sqlite.SQLiteException: [SQLITE_ERROR] SQL error or missing database (no such table: connections_history_localtime)
	at org.sqlite.core.DB.newSQLException(DB.java:1179) ~[sqlbrowserfx-fat.jar:?]
	at org.sqlite.core.DB.newSQLException(DB.java:1190) ~[sqlbrowserfx-fat.jar:?]
	at org.sqlite.core.DB.throwex(DB.java:1150) ~[sqlbrowserfx-fat.jar:?]
	at org.sqlite.core.NativeDB.prepare_utf8(Native Method) ~[sqlbrowserfx-fat.jar:?]
	at org.sqlite.core.NativeDB.prepare(NativeDB.java:132) ~[sqlbrowserfx-fat.jar:?]
	at org.sqlite.core.DB.prepare(DB.java:264) ~[sqlbrowserfx-fat.jar:?]
	at org.sqlite.jdbc3.JDBC3Statement.lambda$executeQuery$1(JDBC3Statement.java:86) ~[sqlbrowserfx-fat.jar:?]
	at org.sqlite.jdbc3.JDBC3Statement.withConnectionTimeout(JDBC3Statement.java:454) ~[sqlbrowserfx-fat.jar:?]
	at org.sqlite.jdbc3.JDBC3Statement.executeQuery(JDBC3Statement.java:84) ~[sqlbrowserfx-fat.jar:?]
	at gr.sqlbrowserfx.conn.SqlConnector.executeQueryRaw(SqlConnector.java:120) ~[sqlbrowserfx-fat.jar:?]
	at gr.sqlbrowserfx.conn.SqlConnector.lambda$executeQueryRawAsync$3(SqlConnector.java:264) ~[sqlbrowserfx-fat.jar:?]
	at java.util.concurrent.ThreadPoolExecutor.runWorker(ThreadPoolExecutor.java:1144) ~[?:?]
	at java.util.concurrent.ThreadPoolExecutor$Worker.run(ThreadPoolExecutor.java:642) ~[?:?]
	at java.lang.Thread.run(Thread.java:1583) [?:?]
2024-11-16 21:04:32 [SqliteConnector-pool-thread-1] sqlbrowserfx gr.sqlbrowserfx.conn.SqlConnector ERROR [SQLITE_ERROR] SQL error or missing database (no such table: connections_history_localtime)
org.sqlite.SQLiteException: [SQLITE_ERROR] SQL error or missing database (no such table: connections_history_localtime)
	at org.sqlite.core.DB.newSQLException(DB.java:1179) ~[sqlbrowserfx-fat.jar:?]
	at org.sqlite.core.DB.newSQLException(DB.java:1190) ~[sqlbrowserfx-fat.jar:?]
	at org.sqlite.core.DB.throwex(DB.java:1150) ~[sqlbrowserfx-fat.jar:?]
	at org.sqlite.core.NativeDB.prepare_utf8(Native Method) ~[sqlbrowserfx-fat.jar:?]
	at org.sqlite.core.NativeDB.prepare(NativeDB.java:132) ~[sqlbrowserfx-fat.jar:?]
	at org.sqlite.core.DB.prepare(DB.java:264) ~[sqlbrowserfx-fat.jar:?]
	at org.sqlite.jdbc3.JDBC3Statement.lambda$executeQuery$1(JDBC3Statement.java:86) ~[sqlbrowserfx-fat.jar:?]
	at org.sqlite.jdbc3.JDBC3Statement.withConnectionTimeout(JDBC3Statement.java:454) ~[sqlbrowserfx-fat.jar:?]
	at org.sqlite.jdbc3.JDBC3Statement.executeQuery(JDBC3Statement.java:84) ~[sqlbrowserfx-fat.jar:?]
	at gr.sqlbrowserfx.conn.SqlConnector.executeQueryRaw(SqlConnector.java:120) ~[sqlbrowserfx-fat.jar:?]
	at gr.sqlbrowserfx.conn.SqlConnector.lambda$executeQueryRawAsync$3(SqlConnector.java:264) ~[sqlbrowserfx-fat.jar:?]
	at java.util.concurrent.ThreadPoolExecutor.runWorker(ThreadPoolExecutor.java:1144) ~[?:?]
	at java.util.concurrent.ThreadPoolExecutor$Worker.run(ThreadPoolExecutor.java:642) ~[?:?]
	at java.lang.Thread.run(Thread.java:1583) [?:?]
2024-11-16 21:04:32 [SqliteConnector-pool-thread-1] sqlbrowserfx gr.sqlbrowserfx.conn.SqlConnector ERROR [SQLITE_ERROR] SQL error or missing database (no such table: connections_history_localtime)
org.sqlite.SQLiteException: [SQLITE_ERROR] SQL error or missing database (no such table: connections_history_localtime)
	at org.sqlite.core.DB.newSQLException(DB.java:1179) ~[sqlbrowserfx-fat.jar:?]
	at org.sqlite.core.DB.newSQLException(DB.java:1190) ~[sqlbrowserfx-fat.jar:?]
	at org.sqlite.core.DB.throwex(DB.java:1150) ~[sqlbrowserfx-fat.jar:?]
	at org.sqlite.core.NativeDB.prepare_utf8(Native Method) ~[sqlbrowserfx-fat.jar:?]
	at org.sqlite.core.NativeDB.prepare(NativeDB.java:132) ~[sqlbrowserfx-fat.jar:?]
	at org.sqlite.core.DB.prepare(DB.java:264) ~[sqlbrowserfx-fat.jar:?]
	at org.sqlite.jdbc3.JDBC3Statement.lambda$executeQuery$1(JDBC3Statement.java:86) ~[sqlbrowserfx-fat.jar:?]
	at org.sqlite.jdbc3.JDBC3Statement.withConnectionTimeout(JDBC3Statement.java:454) ~[sqlbrowserfx-fat.jar:?]
	at org.sqlite.jdbc3.JDBC3Statement.executeQuery(JDBC3Statement.java:84) ~[sqlbrowserfx-fat.jar:?]
	at gr.sqlbrowserfx.conn.SqlConnector.executeQueryRaw(SqlConnector.java:120) ~[sqlbrowserfx-fat.jar:?]
	at gr.sqlbrowserfx.conn.SqlConnector.lambda$executeQueryRawAsync$3(SqlConnector.java:264) ~[sqlbrowserfx-fat.jar:?]
	at java.util.concurrent.ThreadPoolExecutor.runWorker(ThreadPoolExecutor.java:1144) ~[?:?]
	at java.util.concurrent.ThreadPoolExecutor$Worker.run(ThreadPoolExecutor.java:642) ~[?:?]
	at java.lang.Thread.run(Thread.java:1583) [?:?]
2024-11-16 21:04:32 [SqliteConnector-pool-thread-1] sqlbrowserfx gr.sqlbrowserfx.conn.SqlConnector ERROR [SQLITE_ERROR] SQL error or missing database (no such table: connections_history_localtime)
org.sqlite.SQLiteException: [SQLITE_ERROR] SQL error or missing database (no such table: connections_history_localtime)
	at org.sqlite.core.DB.newSQLException(DB.java:1179) ~[sqlbrowserfx-fat.jar:?]
	at org.sqlite.core.DB.newSQLException(DB.java:1190) ~[sqlbrowserfx-fat.jar:?]
	at org.sqlite.core.DB.throwex(DB.java:1150) ~[sqlbrowserfx-fat.jar:?]
	at org.sqlite.core.NativeDB.prepare_utf8(Native Method) ~[sqlbrowserfx-fat.jar:?]
	at org.sqlite.core.NativeDB.prepare(NativeDB.java:132) ~[sqlbrowserfx-fat.jar:?]
	at org.sqlite.core.DB.prepare(DB.java:264) ~[sqlbrowserfx-fat.jar:?]
	at org.sqlite.jdbc3.JDBC3Statement.lambda$executeQuery$1(JDBC3Statement.java:86) ~[sqlbrowserfx-fat.jar:?]
	at org.sqlite.jdbc3.JDBC3Statement.withConnectionTimeout(JDBC3Statement.java:454) ~[sqlbrowserfx-fat.jar:?]
	at org.sqlite.jdbc3.JDBC3Statement.executeQuery(JDBC3Statement.java:84) ~[sqlbrowserfx-fat.jar:?]
	at gr.sqlbrowserfx.conn.SqlConnector.executeQueryRaw(SqlConnector.java:120) ~[sqlbrowserfx-fat.jar:?]
	at gr.sqlbrowserfx.conn.SqlConnector.lambda$executeQueryRawAsync$3(SqlConnector.java:264) ~[sqlbrowserfx-fat.jar:?]
	at java.util.concurrent.ThreadPoolExecutor.runWorker(ThreadPoolExecutor.java:1144) ~[?:?]
	at java.util.concurrent.ThreadPoolExecutor$Worker.run(ThreadPoolExecutor.java:642) ~[?:?]
	at java.lang.Thread.run(Thread.java:1583) [?:?]
2024-11-16 21:04:32 [SqliteConnector-pool-thread-1] sqlbrowserfx gr.sqlbrowserfx.conn.SqlConnector ERROR [SQLITE_ERROR] SQL error or missing database (no such table: connections_history_localtime)
org.sqlite.SQLiteException: [SQLITE_ERROR] SQL error or missing database (no such table: connections_history_localtime)
	at org.sqlite.core.DB.newSQLException(DB.java:1179) ~[sqlbrowserfx-fat.jar:?]
	at org.sqlite.core.DB.newSQLException(DB.java:1190) ~[sqlbrowserfx-fat.jar:?]
	at org.sqlite.core.DB.throwex(DB.java:1150) ~[sqlbrowserfx-fat.jar:?]
	at org.sqlite.core.NativeDB.prepare_utf8(Native Method) ~[sqlbrowserfx-fat.jar:?]
	at org.sqlite.core.NativeDB.prepare(NativeDB.java:132) ~[sqlbrowserfx-fat.jar:?]
	at org.sqlite.core.DB.prepare(DB.java:264) ~[sqlbrowserfx-fat.jar:?]
	at org.sqlite.jdbc3.JDBC3Statement.lambda$executeQuery$1(JDBC3Statement.java:86) ~[sqlbrowserfx-fat.jar:?]
	at org.sqlite.jdbc3.JDBC3Statement.withConnectionTimeout(JDBC3Statement.java:454) ~[sqlbrowserfx-fat.jar:?]
	at org.sqlite.jdbc3.JDBC3Statement.executeQuery(JDBC3Statement.java:84) ~[sqlbrowserfx-fat.jar:?]
	at gr.sqlbrowserfx.conn.SqlConnector.executeQueryRaw(SqlConnector.java:120) ~[sqlbrowserfx-fat.jar:?]
	at gr.sqlbrowserfx.conn.SqlConnector.lambda$executeQueryRawAsync$3(SqlConnector.java:264) ~[sqlbrowserfx-fat.jar:?]
	at java.util.concurrent.ThreadPoolExecutor.runWorker(ThreadPoolExecutor.java:1144) ~[?:?]
	at java.util.concurrent.ThreadPoolExecutor$Worker.run(ThreadPoolExecutor.java:642) ~[?:?]
	at java.lang.Thread.run(Thread.java:1583) [?:?]
